app/build/intermediates/manifest_merge_blame_file/debug/manifest-merger-blame-debug-report.txt
1<?xml version="1.0" encoding="utf-8"?>
2<manifest xmlns:android="http://schemas.android.com/apk/res/android"
3    package="com.cryptext"
4    android:versionCode="22"
5    android:versionName="1.44 " >
6
7    <uses-sdk
8        android:minSdkVersion="19"
8-->src\main\AndroidManifest.xml
9        android:targetSdkVersion="28" />
9-->src\main\AndroidManifest.xml
10
11    <uses-permission android:name="android.permission.WRITE_EXTERNAL_STORAGE" />
11-->src\main\AndroidManifest.xml:6:5-81
11-->src\main\AndroidManifest.xml:6:22-78
12
13    <application
13-->src\main\AndroidManifest.xml:8:5-54:19
14        android:name="com.cryptext.app.App"
14-->src\main\AndroidManifest.xml:9:9-44
15        android:allowBackup="true"
15-->src\main\AndroidManifest.xml:10:9-35
16        android:appComponentFactory="android.support.v4.app.CoreComponentFactory"
16-->[com.android.support:support-compat:28.0.0] AndroidManifest.xml:22:18-91
17        android:debuggable="true"
18        android:icon="@mipmap/ic_launcher"
18-->src\main\AndroidManifest.xml:11:9-43
19        android:label="@string/app_name"
19-->src\main\AndroidManifest.xml:12:9-41
20        android:testOnly="true"
21        android:theme="@style/AppBaseTheme" >
21-->src\main\AndroidManifest.xml:13:9-44
22        <meta-data
22-->src\main\AndroidManifest.xml:14:9-76
23            android:name="android.max_aspect"
23-->src\main\AndroidManifest.xml:14:20-53
24            android:value="2.1" />
24-->src\main\AndroidManifest.xml:14:54-73
25        <meta-data
25-->src\main\AndroidManifest.xml:15:9-17:57
26            android:name="preloaded_fonts"
26-->src\main\AndroidManifest.xml:16:13-43
27            android:resource="@array/preloaded_fonts" />
27-->src\main\AndroidManifest.xml:17:13-54
28
29        <activity
29-->src\main\AndroidManifest.xml:19:9-28:20
30            android:name="com.cryptext.ui.SelectDatabaseActivity"
30-->src\main\AndroidManifest.xml:20:13-66
31            android:label="@string/app_name"
31-->src\main\AndroidManifest.xml:21:13-45
32            android:windowSoftInputMode="stateHidden" >
32-->src\main\AndroidManifest.xml:22:13-54
33            <intent-filter>
33-->src\main\AndroidManifest.xml:23:13-27:29
34                <action android:name="android.intent.action.MAIN" />
34-->src\main\AndroidManifest.xml:24:17-69
34-->src\main\AndroidManifest.xml:24:25-66
35
36                <category android:name="android.intent.category.LAUNCHER" />
36-->src\main\AndroidManifest.xml:26:17-77
36-->src\main\AndroidManifest.xml:26:27-74
37            </intent-filter>
38        </activity>
39        <activity
39-->src\main\AndroidManifest.xml:29:9-36:20
40            android:name="com.cryptext.ui.MainActivity"
40-->src\main\AndroidManifest.xml:30:13-56
41            android:label="@string/app_name" >
41-->src\main\AndroidManifest.xml:31:13-45
42            <meta-data
42-->src\main\AndroidManifest.xml:32:13-34:73
43                android:name="android.app.default_searchable"
43-->src\main\AndroidManifest.xml:33:17-62
44                android:value="com.cryptext.ui.SearchResultsActivity" />
44-->src\main\AndroidManifest.xml:34:17-70
45        </activity>
46        <activity
46-->src\main\AndroidManifest.xml:37:9-40:20
47            android:name="com.cryptext.ui.EditNoteActivity"
47-->src\main\AndroidManifest.xml:38:13-60
48            android:windowSoftInputMode="stateVisible|adjustResize" >
48-->src\main\AndroidManifest.xml:39:13-68
49        </activity>
50        <activity android:name="com.cryptext.ui.SearchResultsActivity" >
50-->src\main\AndroidManifest.xml:41:9-49:20
50-->src\main\AndroidManifest.xml:41:19-71
51            <intent-filter>
51-->src\main\AndroidManifest.xml:42:13-44:29
52                <action android:name="android.intent.action.SEARCH" />
52-->src\main\AndroidManifest.xml:43:17-71
52-->src\main\AndroidManifest.xml:43:25-68
53            </intent-filter>
54
55            <meta-data
55-->src\main\AndroidManifest.xml:46:13-48:54
56                android:name="android.app.searchable"
56-->src\main\AndroidManifest.xml:47:17-54
57                android:resource="@xml/searchable" />
57-->src\main\AndroidManifest.xml:48:17-51
58        </activity>
59        <activity android:name="com.cryptext.ui.ReadNoteActivity" >
59-->src\main\AndroidManifest.xml:50:9-51:20
59-->src\main\AndroidManifest.xml:50:19-66
60        </activity>
61        <activity android:name="com.cryptext.ui.SettingsActivity" >
61-->src\main\AndroidManifest.xml:52:9-53:20
61-->src\main\AndroidManifest.xml:52:19-66
62        </activity>
63    </application>
64
65</manifest>